<?xml version="1.0" encoding="UTF-8"?>
<!-- Generated by org.testng.reporters.JUnitXMLReporter -->
<testsuite hostname="m-PC" ignored="0" name="Default test" tests="3" failures="0" timestamp="23 May 2020 14:37:45 GMT" time="67.628" errors="0">
  <testcase name="loginPageTitleTest" time="0.129" classname="com.crm.qa.testcases.LoginPageTest"/>
  <testcase name="CrmLogoDisplayed" time="0.27" classname="com.crm.qa.testcases.LoginPageTest"/>
  <testcase name="login" time="4.792" classname="com.crm.qa.testcases.LoginPageTest"/>
</testsuite> <!-- Default test -->
